Note: Google Test filter = Test01.simpleTest1
[==========] Running 1 test from 1 test case.
[----------] Global test environment set-up.
[----------] 1 test from Test01
[ RUN      ] Test01.simpleTest1
[       OK ] Test01.simpleTest1 (0 ms)
[----------] 1 test from Test01 (0 ms total)

[----------] Global test environment tear-down
[==========] 1 test from 1 test case ran. (0 ms total)
[  PASSED  ] 1 test.

Note: Google Test filter = Test02.simpleTest2
[==========] Running 1 test from 1 test case.
[----------] Global test environment set-up.
[----------] 1 test from Test02
[ RUN      ] Test02.simpleTest2
bash: line 1:  9222 Segmentation fault      timeout 3 ./run_tests.out --gtest_filter=Test02.simpleTest2

Note: Google Test filter = Test08.bigStrings
[==========] Running 1 test from 1 test case.
[----------] Global test environment set-up.
[----------] 1 test from Test08
[ RUN      ] Test08.bigStrings
bash: line 1:  9228 Segmentation fault      timeout 3 ./run_tests.out --gtest_filter=Test08.bigStrings

