Note: Google Test filter = Test01.simpleTest1
[==========] Running 1 test from 1 test case.
[----------] Global test environment set-up.
[----------] 1 test from Test01
[ RUN      ] Test01.simpleTest1

Note: Google Test filter = Test02.simpleTest2
[==========] Running 1 test from 1 test case.
[----------] Global test environment set-up.
[----------] 1 test from Test02
[ RUN      ] Test02.simpleTest2

Note: Google Test filter = Test08.bigStrings
[==========] Running 1 test from 1 test case.
[----------] Global test environment set-up.
[----------] 1 test from Test08
[ RUN      ] Test08.bigStrings

